[35m[Appium][39m Welcome to Appium v1.20.2
[35m[Appium][39m Non-default server args:
[35m[Appium][39m   port: 51132
[35m[Appium][39m   loglevel: info
[35m[Appium][39m   tmpDir: /var/folders/_3/c2d3gfds1l55pm2ts0__xw1m0000gn/T//Katalon/Appium/Temp1612856971465
[35m[Appium][39m   chromedriverPort: 51133
[35m[Appium][39m Deprecated server args:
[35m[Appium][39m   [31m--chromedriver-port[39m => --default-capabilities
[35m[Appium][39m Default capabilities, which will be added to each request unless overridden by desired capabilities:
[35m[Appium][39m   chromedriverPort: 51133
[35m[Appium][39m Appium REST http interface listener started on 0.0.0.0:51132
[35m[HTTP][39m [37m-->[39m [37mGET[39m [37m/wd/hub/status[39m
[35m[HTTP][39m [90m{}[39m
[35m[HTTP][39m [37m<-- GET /wd/hub/status [39m[32m200[39m [90m5 ms - 68[39m
[35m[HTTP][39m [90m[39m
[35m[HTTP][39m [37m-->[39m [37mGET[39m [37m/wd/hub/status[39m
[35m[HTTP][39m [90m{}[39m
[35m[HTTP][39m [37m<-- GET /wd/hub/status [39m[32m200[39m [90m1 ms - 68[39m
[35m[HTTP][39m [90m[39m
[35m[HTTP][39m [37m-->[39m [37mPOST[39m [37m/wd/hub/session[39m
[35m[HTTP][39m [90m{"desiredCapabilities":{"app":"/Users/_oncom/Downloads/Ecommerce Store Demo_v1.4.apk","noReset":true,"deviceName":"emulator-5554 (sdk_gphone_x86 - Android 11)","fullReset":false,"platform":"ANDROID","newCommandTimeout":1800,"platformVersion":"11","automationName":"uiautomator2","autoGrantPermissions":true,"platformName":"Android","udid":"emulator-5554","systemPort":51143},"capabilities":{"firstMatch":[{"appium:app":"/Users/_oncom/Downloads/Ecommerce Store Demo_v1.4.apk","appium:autoGrantPermissions":true,"appium:automationName":"uiautomator2","appium:deviceName":"emulator-5554 (sdk_gphone_x86 - Android 11)","appium:fullReset":false,"appium:newCommandTimeout":1800,"appium:noReset":true,"platform":"ANDROID","platformName":"android","appium:platformVersion":"11","appium:systemPort":51143,"appium:udid":"emulator-5554"}]}}[39m
[35m[BaseDriver][39m The following capabilities are not standard capabilities and should have an extension prefix:
[35m[BaseDriver][39m   platform
[35m[BaseDriver][39m   chromedriverPort
[35m[Appium][39m Appium v1.20.2 creating new AndroidUiautomator2Driver (v1.61.2) session
[35m[BaseDriver][39m The following capabilities were provided, but are not recognized by Appium:
[35m[BaseDriver][39m   platform
[35m[BaseDriver][39m Session created with session id: 0e845354-865c-4c51-b0ce-2bc1e769e901
[35m[BaseDriver][39m Using local app '/Users/_oncom/Downloads/Ecommerce Store Demo_v1.4.apk'
[35m[ADB][39m Found 1 'build-tools' folders under '/Users/_oncom/.katalon/tools/android_sdk' (newest first):
[35m[ADB][39m     /Users/_oncom/.katalon/tools/android_sdk/build-tools/29.0.3
[35m[ADB][39m Using 'adb' from '/Users/_oncom/.katalon/tools/android_sdk/platform-tools/adb'
[35m[AndroidDriver][39m Retrieving device list
[35m[AndroidDriver][39m Using device: emulator-5554
[35m[ADB][39m Using 'adb' from '/Users/_oncom/.katalon/tools/android_sdk/platform-tools/adb'
[35m[ADB][39m Getting device platform version
[35m[UiAutomator2][39m Relaxing hidden api policy
[35m[ADB][39m Package name: 'com.abhiandroid.ecommercestore'
[35m[ADB][39m Main activity name: 'com.abhiandroid.ecommercestore.Activities.SplashScreen'
[35m[ADB][39m Using 'apksigner.jar' from '/Users/_oncom/.katalon/tools/android_sdk/build-tools/29.0.3/lib/apksigner.jar'
[35m[ADB][39m '/usr/local/lib/node_modules/appium/node_modules/appium-uiautomator2-server/apks/appium-uiautomator2-server-v4.17.4.apk' is signed with the default certificate
[35m[ADB][39m '/usr/local/lib/node_modules/appium/node_modules/appium-uiautomator2-server/apks/appium-uiautomator2-server-debug-androidTest.apk' is signed with the default certificate
[35m[UiAutomator2][39m Server packages are not going to be (re)installed
[35m[ADB][39m Adding packages ["io.appium.settings","io.appium.uiautomator2.server","io.appium.uiautomator2.server.test"] to Doze whitelist
[35m[ADB][39m '/Users/_oncom/Downloads/Ecommerce Store Demo_v1.4.apk' is signed with a non-default certificate
[35m[UiAutomator2][39m Starting UIAutomator2 server 4.17.4
[35m[UiAutomator2][39m Using UIAutomator2 server from '/usr/local/lib/node_modules/appium/node_modules/appium-uiautomator2-server/apks/appium-uiautomator2-server-v4.17.4.apk' and test from '/usr/local/lib/node_modules/appium/node_modules/appium-uiautomator2-server/apks/appium-uiautomator2-server-debug-androidTest.apk'
[35m[UiAutomator2][39m Waiting up to 30000ms for UiAutomator2 to be online...
[35m[WD Proxy][39m socket hang up
[35m[WD Proxy][39m socket hang up
[35m[WD Proxy][39m socket hang up
[35m[WD Proxy][39m Determined the downstream protocol as 'W3C'
[35m[AndroidDriver][39m Screen already unlocked, doing nothing
[35m[UiAutomator2][39m Starting 'com.abhiandroid.ecommercestore/com.abhiandroid.ecommercestore.Activities.SplashScreen and waiting for 'com.abhiandroid.ecommercestore/com.abhiandroid.ecommercestore.Activities.SplashScreen'
[35m[Appium][39m New AndroidUiautomator2Driver session created successfully, session 0e845354-865c-4c51-b0ce-2bc1e769e901 added to master session list
[35m[HTTP][39m [37m<-- POST /wd/hub/session [39m[32m200[39m [90m9346 ms - 1298[39m
[35m[HTTP][39m [90m[39m
[35m[HTTP][39m [37m-->[39m [37mGET[39m [37m/wd/hub/session/0e845354-865c-4c51-b0ce-2bc1e769e901[39m
[35m[HTTP][39m [90m{}[39m
[35m[HTTP][39m [37m<-- GET /wd/hub/session/0e845354-865c-4c51-b0ce-2bc1e769e901 [39m[32m200[39m [90m20 ms - 1252[39m
[35m[HTTP][39m [90m[39m
[35m[HTTP][39m [37m-->[39m [37mGET[39m [37m/wd/hub/session/0e845354-865c-4c51-b0ce-2bc1e769e901[39m
[35m[HTTP][39m [90m{}[39m
[35m[HTTP][39m [37m<-- GET /wd/hub/session/0e845354-865c-4c51-b0ce-2bc1e769e901 [39m[32m200[39m [90m18 ms - 1252[39m
[35m[HTTP][39m [90m[39m
[35m[HTTP][39m [37m-->[39m [37mGET[39m [37m/wd/hub/status[39m
[35m[HTTP][39m [90m{}[39m
[35m[HTTP][39m [37m<-- GET /wd/hub/status [39m[32m200[39m [90m1 ms - 68[39m
[35m[HTTP][39m [90m[39m
[35m[HTTP][39m [37m-->[39m [37mPOST[39m [37m/wd/hub/session/0e845354-865c-4c51-b0ce-2bc1e769e901/timeouts[39m
[35m[HTTP][39m [90m{"implicit":60000}[39m
[35m[HTTP][39m [37m<-- POST /wd/hub/session/0e845354-865c-4c51-b0ce-2bc1e769e901/timeouts [39m[32m200[39m [90m3 ms - 14[39m
[35m[HTTP][39m [90m[39m
[35m[HTTP][39m [37m-->[39m [37mGET[39m [37m/wd/hub/session/0e845354-865c-4c51-b0ce-2bc1e769e901/source[39m
[35m[HTTP][39m [90m{}[39m
[35m[W3C (0e845354)][39m Driver proxy active, passing request on via HTTP proxy
[35m[WD Proxy][39m Replacing sessionId 539c709c-2d65-4718-ac59-77fd8559565b with 0e845354-865c-4c51-b0ce-2bc1e769e901
[35m[HTTP][39m [37m<-- GET /wd/hub/session/0e845354-865c-4c51-b0ce-2bc1e769e901/source [39m[32m200[39m [90m300 ms - 2407[39m
[35m[HTTP][39m [90m[39m
[35m[HTTP][39m [37m-->[39m [37mGET[39m [37m/wd/hub/session/0e845354-865c-4c51-b0ce-2bc1e769e901/screenshot[39m
[35m[HTTP][39m [90m{}[39m
[35m[HTTP][39m [37m<-- GET /wd/hub/session/0e845354-865c-4c51-b0ce-2bc1e769e901/screenshot [39m[32m200[39m [90m1086 ms - 188756[39m
[35m[HTTP][39m [90m[39m
[35m[HTTP][39m [37m-->[39m [37mGET[39m [37m/wd/hub/session/0e845354-865c-4c51-b0ce-2bc1e769e901/source[39m
[35m[HTTP][39m [90m{}[39m
[35m[W3C (0e845354)][39m Driver proxy active, passing request on via HTTP proxy
[35m[WD Proxy][39m Replacing sessionId 539c709c-2d65-4718-ac59-77fd8559565b with 0e845354-865c-4c51-b0ce-2bc1e769e901
[35m[HTTP][39m [37m<-- GET /wd/hub/session/0e845354-865c-4c51-b0ce-2bc1e769e901/source [39m[32m200[39m [90m301 ms - 9783[39m
[35m[HTTP][39m [90m[39m
[35m[HTTP][39m [37m-->[39m [37mGET[39m [37m/wd/hub/session/0e845354-865c-4c51-b0ce-2bc1e769e901/screenshot[39m
[35m[HTTP][39m [90m{}[39m
[35m[HTTP][39m [37m<-- GET /wd/hub/session/0e845354-865c-4c51-b0ce-2bc1e769e901/screenshot [39m[32m200[39m [90m703 ms - 166182[39m
[35m[HTTP][39m [90m[39m
[35m[HTTP][39m [37m-->[39m [37mPOST[39m [37m/wd/hub/session/0e845354-865c-4c51-b0ce-2bc1e769e901/elements[39m
[35m[HTTP][39m [90m{"using":"xpath","value":"//*[@class = 'android.widget.TextView' and (@text = 'New here? Sign Up' or . = 'New here? Sign Up') and @resource-id = 'com.abhiandroid.ecommercestore:id/txtSignUp']"}[39m
[35m[HTTP][39m [37m<-- POST /wd/hub/session/0e845354-865c-4c51-b0ce-2bc1e769e901/elements [39m[32m200[39m [90m222 ms - 139[39m
[35m[HTTP][39m [90m[39m
[35m[HTTP][39m [37m-->[39m [37mGET[39m [37m/wd/hub/session/0e845354-865c-4c51-b0ce-2bc1e769e901/window/rect[39m
[35m[HTTP][39m [90m{}[39m
[35m[HTTP][39m [37m<-- GET /wd/hub/session/0e845354-865c-4c51-b0ce-2bc1e769e901/window/rect [39m[32m200[39m [90m20 ms - 50[39m
[35m[HTTP][39m [90m[39m
[35m[HTTP][39m [37m-->[39m [37mPOST[39m [37m/wd/hub/session/0e845354-865c-4c51-b0ce-2bc1e769e901/elements[39m
[35m[HTTP][39m [90m{"using":"xpath","value":"//*[@class = 'android.widget.TextView' and (@text = 'New here? Sign Up' or . = 'New here? Sign Up') and @resource-id = 'com.abhiandroid.ecommercestore:id/txtSignUp']"}[39m
[35m[HTTP][39m [37m<-- POST /wd/hub/session/0e845354-865c-4c51-b0ce-2bc1e769e901/elements [39m[32m200[39m [90m41 ms - 139[39m
[35m[HTTP][39m [90m[39m
[35m[HTTP][39m [37m-->[39m [37mGET[39m [37m/wd/hub/session/0e845354-865c-4c51-b0ce-2bc1e769e901/element/cc887f20-9310-45c3-8035-d47d2783c426/location[39m
[35m[HTTP][39m [90m{}[39m
[35m[W3C (0e845354)][39m Driver proxy active, passing request on via HTTP proxy
[35m[WD Proxy][39m Replacing sessionId 539c709c-2d65-4718-ac59-77fd8559565b with 0e845354-865c-4c51-b0ce-2bc1e769e901
[35m[HTTP][39m [37m<-- GET /wd/hub/session/0e845354-865c-4c51-b0ce-2bc1e769e901/element/cc887f20-9310-45c3-8035-d47d2783c426/location [39m[32m200[39m [90m17 ms - 79[39m
[35m[HTTP][39m [90m[39m
[35m[HTTP][39m [37m-->[39m [37mPOST[39m [37m/wd/hub/session/0e845354-865c-4c51-b0ce-2bc1e769e901/touch/perform[39m
[35m[HTTP][39m [90m{"actions":[{"action":"tap","options":{"x":1,"y":1,"element":"cc887f20-9310-45c3-8035-d47d2783c426"}}]}[39m
[35m[UiAutomator2][39m calling get location: cc887f20-9310-45c3-8035-d47d2783c426
[35m[HTTP][39m [37m<-- POST /wd/hub/session/0e845354-865c-4c51-b0ce-2bc1e769e901/touch/perform [39m[32m200[39m [90m204 ms - 14[39m
[35m[HTTP][39m [90m[39m
[35m[HTTP][39m [37m-->[39m [37mGET[39m [37m/wd/hub/session/0e845354-865c-4c51-b0ce-2bc1e769e901/source[39m
[35m[HTTP][39m [90m{}[39m
[35m[W3C (0e845354)][39m Driver proxy active, passing request on via HTTP proxy
[35m[WD Proxy][39m Replacing sessionId 539c709c-2d65-4718-ac59-77fd8559565b with 0e845354-865c-4c51-b0ce-2bc1e769e901
[35m[HTTP][39m [37m<-- GET /wd/hub/session/0e845354-865c-4c51-b0ce-2bc1e769e901/source [39m[32m200[39m [90m336 ms - 11245[39m
[35m[HTTP][39m [90m[39m
[35m[HTTP][39m [37m-->[39m [37mGET[39m [37m/wd/hub/session/0e845354-865c-4c51-b0ce-2bc1e769e901/screenshot[39m
[35m[HTTP][39m [90m{}[39m
[35m[HTTP][39m [37m<-- GET /wd/hub/session/0e845354-865c-4c51-b0ce-2bc1e769e901/screenshot [39m[32m200[39m [90m483 ms - 187734[39m
[35m[HTTP][39m [90m[39m
[35m[HTTP][39m [37m-->[39m [37mPOST[39m [37m/wd/hub/session/0e845354-865c-4c51-b0ce-2bc1e769e901/elements[39m
[35m[HTTP][39m [90m{"using":"xpath","value":"//*[@class = 'android.widget.EditText' and @resource-id = 'com.abhiandroid.ecommercestore:id/username' and (@text = '' or . = '')]"}[39m
[35m[HTTP][39m [37m<-- POST /wd/hub/session/0e845354-865c-4c51-b0ce-2bc1e769e901/elements [39m[32m200[39m [90m59 ms - 139[39m
[35m[HTTP][39m [90m[39m
[35m[HTTP][39m [37m-->[39m [37mGET[39m [37m/wd/hub/session/0e845354-865c-4c51-b0ce-2bc1e769e901/window/rect[39m
[35m[HTTP][39m [90m{}[39m
[35m[HTTP][39m [37m<-- GET /wd/hub/session/0e845354-865c-4c51-b0ce-2bc1e769e901/window/rect [39m[32m200[39m [90m50 ms - 50[39m
[35m[HTTP][39m [90m[39m
[35m[HTTP][39m [37m-->[39m [37mPOST[39m [37m/wd/hub/session/0e845354-865c-4c51-b0ce-2bc1e769e901/elements[39m
[35m[HTTP][39m [90m{"using":"xpath","value":"//*[@class = 'android.widget.EditText' and @resource-id = 'com.abhiandroid.ecommercestore:id/username' and (@text = '' or . = '')]"}[39m
[35m[HTTP][39m [37m<-- POST /wd/hub/session/0e845354-865c-4c51-b0ce-2bc1e769e901/elements [39m[32m200[39m [90m47 ms - 139[39m
[35m[HTTP][39m [90m[39m
[35m[HTTP][39m [37m-->[39m [37mGET[39m [37m/wd/hub/session/0e845354-865c-4c51-b0ce-2bc1e769e901/element/6756a2b7-e135-4efc-b64a-7b1d8de86709/location[39m
[35m[HTTP][39m [90m{}[39m
[35m[W3C (0e845354)][39m Driver proxy active, passing request on via HTTP proxy
[35m[WD Proxy][39m Replacing sessionId 539c709c-2d65-4718-ac59-77fd8559565b with 0e845354-865c-4c51-b0ce-2bc1e769e901
[35m[HTTP][39m [37m<-- GET /wd/hub/session/0e845354-865c-4c51-b0ce-2bc1e769e901/element/6756a2b7-e135-4efc-b64a-7b1d8de86709/location [39m[32m200[39m [90m16 ms - 77[39m
[35m[HTTP][39m [90m[39m
[35m[HTTP][39m [37m-->[39m [37mPOST[39m [37m/wd/hub/session/0e845354-865c-4c51-b0ce-2bc1e769e901/element/6756a2b7-e135-4efc-b64a-7b1d8de86709/clear[39m
[35m[HTTP][39m [90m{"id":"6756a2b7-e135-4efc-b64a-7b1d8de86709"}[39m
[35m[HTTP][39m [37m<-- POST /wd/hub/session/0e845354-865c-4c51-b0ce-2bc1e769e901/element/6756a2b7-e135-4efc-b64a-7b1d8de86709/clear [39m[32m200[39m [90m25 ms - 14[39m
[35m[HTTP][39m [90m[39m
[35m[HTTP][39m [37m-->[39m [37mPOST[39m [37m/wd/hub/session/0e845354-865c-4c51-b0ce-2bc1e769e901/element/6756a2b7-e135-4efc-b64a-7b1d8de86709/value[39m
[35m[HTTP][39m [90m{"id":"6756a2b7-e135-4efc-b64a-7b1d8de86709","text":"John Doe","value":["J","o","h","n"," ","D","o","e"]}[39m
[35m[HTTP][39m [37m<-- POST /wd/hub/session/0e845354-865c-4c51-b0ce-2bc1e769e901/element/6756a2b7-e135-4efc-b64a-7b1d8de86709/value [39m[32m200[39m [90m522 ms - 14[39m
[35m[HTTP][39m [90m[39m
[35m[HTTP][39m [37m-->[39m [37mGET[39m [37m/wd/hub/session/0e845354-865c-4c51-b0ce-2bc1e769e901/source[39m
[35m[HTTP][39m [90m{}[39m
[35m[W3C (0e845354)][39m Driver proxy active, passing request on via HTTP proxy
[35m[WD Proxy][39m Replacing sessionId 539c709c-2d65-4718-ac59-77fd8559565b with 0e845354-865c-4c51-b0ce-2bc1e769e901
[35m[HTTP][39m [37m<-- GET /wd/hub/session/0e845354-865c-4c51-b0ce-2bc1e769e901/source [39m[32m200[39m [90m50 ms - 11253[39m
[35m[HTTP][39m [90m[39m
[35m[HTTP][39m [37m-->[39m [37mGET[39m [37m/wd/hub/session/0e845354-865c-4c51-b0ce-2bc1e769e901/screenshot[39m
[35m[HTTP][39m [90m{}[39m
[35m[HTTP][39m [37m<-- GET /wd/hub/session/0e845354-865c-4c51-b0ce-2bc1e769e901/screenshot [39m[32m200[39m [90m457 ms - 191006[39m
[35m[HTTP][39m [90m[39m
[35m[HTTP][39m [37m-->[39m [37mPOST[39m [37m/wd/hub/session/0e845354-865c-4c51-b0ce-2bc1e769e901/elements[39m
[35m[HTTP][39m [90m{"using":"xpath","value":"//*[@class = 'android.widget.EditText' and @resource-id = 'com.abhiandroid.ecommercestore:id/email' and (@text = '' or . = '')]"}[39m
[35m[HTTP][39m [37m<-- POST /wd/hub/session/0e845354-865c-4c51-b0ce-2bc1e769e901/elements [39m[32m200[39m [90m93 ms - 139[39m
[35m[HTTP][39m [90m[39m
[35m[HTTP][39m [37m-->[39m [37mGET[39m [37m/wd/hub/session/0e845354-865c-4c51-b0ce-2bc1e769e901/window/rect[39m
[35m[HTTP][39m [90m{}[39m
[35m[HTTP][39m [37m<-- GET /wd/hub/session/0e845354-865c-4c51-b0ce-2bc1e769e901/window/rect [39m[32m200[39m [90m12 ms - 50[39m
[35m[HTTP][39m [90m[39m
[35m[HTTP][39m [37m-->[39m [37mPOST[39m [37m/wd/hub/session/0e845354-865c-4c51-b0ce-2bc1e769e901/elements[39m
[35m[HTTP][39m [90m{"using":"xpath","value":"//*[@class = 'android.widget.EditText' and @resource-id = 'com.abhiandroid.ecommercestore:id/email' and (@text = '' or . = '')]"}[39m
[35m[HTTP][39m [37m<-- POST /wd/hub/session/0e845354-865c-4c51-b0ce-2bc1e769e901/elements [39m[32m200[39m [90m45 ms - 139[39m
[35m[HTTP][39m [90m[39m
[35m[HTTP][39m [37m-->[39m [37mGET[39m [37m/wd/hub/session/0e845354-865c-4c51-b0ce-2bc1e769e901/element/62a4d1d6-34a8-4f34-a0a0-45e53a7c9836/location[39m
[35m[HTTP][39m [90m{}[39m
[35m[W3C (0e845354)][39m Driver proxy active, passing request on via HTTP proxy
[35m[WD Proxy][39m Replacing sessionId 539c709c-2d65-4718-ac59-77fd8559565b with 0e845354-865c-4c51-b0ce-2bc1e769e901
[35m[HTTP][39m [37m<-- GET /wd/hub/session/0e845354-865c-4c51-b0ce-2bc1e769e901/element/62a4d1d6-34a8-4f34-a0a0-45e53a7c9836/location [39m[32m200[39m [90m22 ms - 78[39m
[35m[HTTP][39m [90m[39m
[35m[HTTP][39m [37m-->[39m [37mPOST[39m [37m/wd/hub/session/0e845354-865c-4c51-b0ce-2bc1e769e901/element/62a4d1d6-34a8-4f34-a0a0-45e53a7c9836/clear[39m
[35m[HTTP][39m [90m{"id":"62a4d1d6-34a8-4f34-a0a0-45e53a7c9836"}[39m
[35m[HTTP][39m [37m<-- POST /wd/hub/session/0e845354-865c-4c51-b0ce-2bc1e769e901/element/62a4d1d6-34a8-4f34-a0a0-45e53a7c9836/clear [39m[32m200[39m [90m25 ms - 14[39m
[35m[HTTP][39m [90m[39m
[35m[HTTP][39m [37m-->[39m [37mPOST[39m [37m/wd/hub/session/0e845354-865c-4c51-b0ce-2bc1e769e901/element/62a4d1d6-34a8-4f34-a0a0-45e53a7c9836/value[39m
[35m[HTTP][39m [90m{"id":"62a4d1d6-34a8-4f34-a0a0-45e53a7c9836","text":"johndoe@rocketmail.com","value":["j","o","h","n","d","o","e","@","r","o","c","k","e","t","m","a","i","l",".","c","o","m"]}[39m
[35m[HTTP][39m [37m<-- POST /wd/hub/session/0e845354-865c-4c51-b0ce-2bc1e769e901/element/62a4d1d6-34a8-4f34-a0a0-45e53a7c9836/value [39m[32m200[39m [90m507 ms - 14[39m
[35m[HTTP][39m [90m[39m
[35m[HTTP][39m [37m-->[39m [37mGET[39m [37m/wd/hub/session/0e845354-865c-4c51-b0ce-2bc1e769e901/source[39m
[35m[HTTP][39m [90m{}[39m
[35m[W3C (0e845354)][39m Driver proxy active, passing request on via HTTP proxy
[35m[WD Proxy][39m Replacing sessionId 539c709c-2d65-4718-ac59-77fd8559565b with 0e845354-865c-4c51-b0ce-2bc1e769e901
[35m[HTTP][39m [37m<-- GET /wd/hub/session/0e845354-865c-4c51-b0ce-2bc1e769e901/source [39m[32m200[39m [90m100 ms - 11275[39m
[35m[HTTP][39m [90m[39m
[35m[HTTP][39m [37m-->[39m [37mGET[39m [37m/wd/hub/session/0e845354-865c-4c51-b0ce-2bc1e769e901/screenshot[39m
[35m[HTTP][39m [90m{}[39m
[35m[HTTP][39m [37m<-- GET /wd/hub/session/0e845354-865c-4c51-b0ce-2bc1e769e901/screenshot [39m[32m200[39m [90m458 ms - 199894[39m
[35m[HTTP][39m [90m[39m
[35m[HTTP][39m [37m-->[39m [37mPOST[39m [37m/wd/hub/session/0e845354-865c-4c51-b0ce-2bc1e769e901/elements[39m
[35m[HTTP][39m [90m{"using":"xpath","value":"//*[@class = 'android.widget.EditText' and @resource-id = 'com.abhiandroid.ecommercestore:id/password' and (@text = '' or . = '')]"}[39m
[35m[HTTP][39m [37m<-- POST /wd/hub/session/0e845354-865c-4c51-b0ce-2bc1e769e901/elements [39m[32m200[39m [90m55 ms - 139[39m
[35m[HTTP][39m [90m[39m
[35m[HTTP][39m [37m-->[39m [37mGET[39m [37m/wd/hub/session/0e845354-865c-4c51-b0ce-2bc1e769e901/window/rect[39m
[35m[HTTP][39m [90m{}[39m
[35m[HTTP][39m [37m<-- GET /wd/hub/session/0e845354-865c-4c51-b0ce-2bc1e769e901/window/rect [39m[32m200[39m [90m22 ms - 50[39m
[35m[HTTP][39m [90m[39m
[35m[HTTP][39m [37m-->[39m [37mPOST[39m [37m/wd/hub/session/0e845354-865c-4c51-b0ce-2bc1e769e901/elements[39m
[35m[HTTP][39m [90m{"using":"xpath","value":"//*[@class = 'android.widget.EditText' and @resource-id = 'com.abhiandroid.ecommercestore:id/password' and (@text = '' or . = '')]"}[39m
[35m[HTTP][39m [37m<-- POST /wd/hub/session/0e845354-865c-4c51-b0ce-2bc1e769e901/elements [39m[32m200[39m [90m37 ms - 139[39m
[35m[HTTP][39m [90m[39m
[35m[HTTP][39m [37m-->[39m [37mGET[39m [37m/wd/hub/session/0e845354-865c-4c51-b0ce-2bc1e769e901/element/152f86a4-81a8-4b30-867b-3105fa8f0ed4/location[39m
[35m[HTTP][39m [90m{}[39m
[35m[W3C (0e845354)][39m Driver proxy active, passing request on via HTTP proxy
[35m[WD Proxy][39m Replacing sessionId 539c709c-2d65-4718-ac59-77fd8559565b with 0e845354-865c-4c51-b0ce-2bc1e769e901
[35m[HTTP][39m [37m<-- GET /wd/hub/session/0e845354-865c-4c51-b0ce-2bc1e769e901/element/152f86a4-81a8-4b30-867b-3105fa8f0ed4/location [39m[32m200[39m [90m23 ms - 78[39m
[35m[HTTP][39m [90m[39m
[35m[HTTP][39m [37m-->[39m [37mPOST[39m [37m/wd/hub/session/0e845354-865c-4c51-b0ce-2bc1e769e901/element/152f86a4-81a8-4b30-867b-3105fa8f0ed4/clear[39m
[35m[HTTP][39m [90m{"id":"152f86a4-81a8-4b30-867b-3105fa8f0ed4"}[39m
[35m[HTTP][39m [37m<-- POST /wd/hub/session/0e845354-865c-4c51-b0ce-2bc1e769e901/element/152f86a4-81a8-4b30-867b-3105fa8f0ed4/clear [39m[32m200[39m [90m20 ms - 14[39m
[35m[HTTP][39m [90m[39m
[35m[HTTP][39m [37m-->[39m [37mPOST[39m [37m/wd/hub/session/0e845354-865c-4c51-b0ce-2bc1e769e901/element/152f86a4-81a8-4b30-867b-3105fa8f0ed4/value[39m
[35m[HTTP][39m [90m{"id":"152f86a4-81a8-4b30-867b-3105fa8f0ed4","text":"Qwerty123","value":["Q","w","e","r","t","y","1","2","3"]}[39m
[35m[HTTP][39m [37m<-- POST /wd/hub/session/0e845354-865c-4c51-b0ce-2bc1e769e901/element/152f86a4-81a8-4b30-867b-3105fa8f0ed4/value [39m[32m200[39m [90m507 ms - 14[39m
[35m[HTTP][39m [90m[39m
[35m[HTTP][39m [37m-->[39m [37mGET[39m [37m/wd/hub/session/0e845354-865c-4c51-b0ce-2bc1e769e901/source[39m
[35m[HTTP][39m [90m{}[39m
[35m[W3C (0e845354)][39m Driver proxy active, passing request on via HTTP proxy
[35m[WD Proxy][39m Replacing sessionId 539c709c-2d65-4718-ac59-77fd8559565b with 0e845354-865c-4c51-b0ce-2bc1e769e901
[35m[HTTP][39m [37m<-- GET /wd/hub/session/0e845354-865c-4c51-b0ce-2bc1e769e901/source [39m[32m200[39m [90m546 ms - 11302[39m
[35m[HTTP][39m [90m[39m
[35m[HTTP][39m [37m-->[39m [37mGET[39m [37m/wd/hub/session/0e845354-865c-4c51-b0ce-2bc1e769e901/screenshot[39m
[35m[HTTP][39m [90m{}[39m
[35m[HTTP][39m [37m<-- GET /wd/hub/session/0e845354-865c-4c51-b0ce-2bc1e769e901/screenshot [39m[32m200[39m [90m399 ms - 197074[39m
[35m[HTTP][39m [90m[39m
[35m[HTTP][39m [37m-->[39m [37mPOST[39m [37m/wd/hub/session/0e845354-865c-4c51-b0ce-2bc1e769e901/elements[39m
[35m[HTTP][39m [90m{"using":"xpath","value":"//*[@class = 'android.widget.EditText' and @resource-id = 'com.abhiandroid.ecommercestore:id/confirmPassword' and (@text = '' or . = '')]"}[39m
[35m[HTTP][39m [37m<-- POST /wd/hub/session/0e845354-865c-4c51-b0ce-2bc1e769e901/elements [39m[32m200[39m [90m33 ms - 139[39m
[35m[HTTP][39m [90m[39m
[35m[HTTP][39m [37m-->[39m [37mGET[39m [37m/wd/hub/session/0e845354-865c-4c51-b0ce-2bc1e769e901/window/rect[39m
[35m[HTTP][39m [90m{}[39m
[35m[HTTP][39m [37m<-- GET /wd/hub/session/0e845354-865c-4c51-b0ce-2bc1e769e901/window/rect [39m[32m200[39m [90m26 ms - 50[39m
[35m[HTTP][39m [90m[39m
[35m[HTTP][39m [37m-->[39m [37mPOST[39m [37m/wd/hub/session/0e845354-865c-4c51-b0ce-2bc1e769e901/elements[39m
[35m[HTTP][39m [90m{"using":"xpath","value":"//*[@class = 'android.widget.EditText' and @resource-id = 'com.abhiandroid.ecommercestore:id/confirmPassword' and (@text = '' or . = '')]"}[39m
[35m[HTTP][39m [37m<-- POST /wd/hub/session/0e845354-865c-4c51-b0ce-2bc1e769e901/elements [39m[32m200[39m [90m51 ms - 139[39m
[35m[HTTP][39m [90m[39m
[35m[HTTP][39m [37m-->[39m [37mGET[39m [37m/wd/hub/session/0e845354-865c-4c51-b0ce-2bc1e769e901/element/3f75fe81-70ff-475e-b389-adce2df140b0/location[39m
[35m[HTTP][39m [90m{}[39m
[35m[W3C (0e845354)][39m Driver proxy active, passing request on via HTTP proxy
[35m[WD Proxy][39m Replacing sessionId 539c709c-2d65-4718-ac59-77fd8559565b with 0e845354-865c-4c51-b0ce-2bc1e769e901
[35m[HTTP][39m [37m<-- GET /wd/hub/session/0e845354-865c-4c51-b0ce-2bc1e769e901/element/3f75fe81-70ff-475e-b389-adce2df140b0/location [39m[32m200[39m [90m28 ms - 78[39m
[35m[HTTP][39m [90m[39m
[35m[HTTP][39m [37m-->[39m [37mPOST[39m [37m/wd/hub/session/0e845354-865c-4c51-b0ce-2bc1e769e901/element/3f75fe81-70ff-475e-b389-adce2df140b0/clear[39m
[35m[HTTP][39m [90m{"id":"3f75fe81-70ff-475e-b389-adce2df140b0"}[39m
[35m[HTTP][39m [37m<-- POST /wd/hub/session/0e845354-865c-4c51-b0ce-2bc1e769e901/element/3f75fe81-70ff-475e-b389-adce2df140b0/clear [39m[32m200[39m [90m25 ms - 14[39m
[35m[HTTP][39m [90m[39m
[35m[HTTP][39m [37m-->[39m [37mPOST[39m [37m/wd/hub/session/0e845354-865c-4c51-b0ce-2bc1e769e901/element/3f75fe81-70ff-475e-b389-adce2df140b0/value[39m
[35m[HTTP][39m [90m{"id":"3f75fe81-70ff-475e-b389-adce2df140b0","text":"Qwerty123","value":["Q","w","e","r","t","y","1","2","3"]}[39m
[35m[HTTP][39m [37m<-- POST /wd/hub/session/0e845354-865c-4c51-b0ce-2bc1e769e901/element/3f75fe81-70ff-475e-b389-adce2df140b0/value [39m[32m200[39m [90m510 ms - 14[39m
[35m[HTTP][39m [90m[39m
[35m[HTTP][39m [37m-->[39m [37mGET[39m [37m/wd/hub/session/0e845354-865c-4c51-b0ce-2bc1e769e901/source[39m
[35m[HTTP][39m [90m{}[39m
[35m[W3C (0e845354)][39m Driver proxy active, passing request on via HTTP proxy
[35m[WD Proxy][39m Replacing sessionId 539c709c-2d65-4718-ac59-77fd8559565b with 0e845354-865c-4c51-b0ce-2bc1e769e901
[35m[HTTP][39m [37m<-- GET /wd/hub/session/0e845354-865c-4c51-b0ce-2bc1e769e901/source [39m[32m200[39m [90m46 ms - 11329[39m
[35m[HTTP][39m [90m[39m
[35m[HTTP][39m [37m-->[39m [37mGET[39m [37m/wd/hub/session/0e845354-865c-4c51-b0ce-2bc1e769e901/screenshot[39m
[35m[HTTP][39m [90m{}[39m
[35m[HTTP][39m [37m<-- GET /wd/hub/session/0e845354-865c-4c51-b0ce-2bc1e769e901/screenshot [39m[32m200[39m [90m412 ms - 193350[39m
[35m[HTTP][39m [90m[39m
[35m[HTTP][39m [37m-->[39m [37mPOST[39m [37m/wd/hub/session/0e845354-865c-4c51-b0ce-2bc1e769e901/elements[39m
[35m[HTTP][39m [90m{"using":"xpath","value":"//*[@class = 'android.widget.Button' and (@text = 'SIGN UP' or . = 'SIGN UP') and @resource-id = 'com.abhiandroid.ecommercestore:id/signUp']"}[39m
[35m[HTTP][39m [37m<-- POST /wd/hub/session/0e845354-865c-4c51-b0ce-2bc1e769e901/elements [39m[32m200[39m [90m61 ms - 139[39m
[35m[HTTP][39m [90m[39m
[35m[HTTP][39m [37m-->[39m [37mGET[39m [37m/wd/hub/session/0e845354-865c-4c51-b0ce-2bc1e769e901/window/rect[39m
[35m[HTTP][39m [90m{}[39m
[35m[HTTP][39m [37m<-- GET /wd/hub/session/0e845354-865c-4c51-b0ce-2bc1e769e901/window/rect [39m[32m200[39m [90m19 ms - 50[39m
[35m[HTTP][39m [90m[39m
[35m[HTTP][39m [37m-->[39m [37mPOST[39m [37m/wd/hub/session/0e845354-865c-4c51-b0ce-2bc1e769e901/elements[39m
[35m[HTTP][39m [90m{"using":"xpath","value":"//*[@class = 'android.widget.Button' and (@text = 'SIGN UP' or . = 'SIGN UP') and @resource-id = 'com.abhiandroid.ecommercestore:id/signUp']"}[39m
[35m[HTTP][39m [37m<-- POST /wd/hub/session/0e845354-865c-4c51-b0ce-2bc1e769e901/elements [39m[32m200[39m [90m37 ms - 139[39m
[35m[HTTP][39m [90m[39m
[35m[HTTP][39m [37m-->[39m [37mGET[39m [37m/wd/hub/session/0e845354-865c-4c51-b0ce-2bc1e769e901/element/ff12de5c-df4c-4294-af45-b9172c025b32/location[39m
[35m[HTTP][39m [90m{}[39m
[35m[W3C (0e845354)][39m Driver proxy active, passing request on via HTTP proxy
[35m[WD Proxy][39m Replacing sessionId 539c709c-2d65-4718-ac59-77fd8559565b with 0e845354-865c-4c51-b0ce-2bc1e769e901
[35m[HTTP][39m [37m<-- GET /wd/hub/session/0e845354-865c-4c51-b0ce-2bc1e769e901/element/ff12de5c-df4c-4294-af45-b9172c025b32/location [39m[32m200[39m [90m15 ms - 78[39m
[35m[HTTP][39m [90m[39m
[35m[HTTP][39m [37m-->[39m [37mPOST[39m [37m/wd/hub/session/0e845354-865c-4c51-b0ce-2bc1e769e901/touch/perform[39m
[35m[HTTP][39m [90m{"actions":[{"action":"tap","options":{"x":1,"y":1,"element":"ff12de5c-df4c-4294-af45-b9172c025b32"}}]}[39m
[35m[UiAutomator2][39m calling get location: ff12de5c-df4c-4294-af45-b9172c025b32
[35m[HTTP][39m [37m<-- POST /wd/hub/session/0e845354-865c-4c51-b0ce-2bc1e769e901/touch/perform [39m[32m200[39m [90m183 ms - 14[39m
[35m[HTTP][39m [90m[39m
[35m[HTTP][39m [37m-->[39m [37mGET[39m [37m/wd/hub/session/0e845354-865c-4c51-b0ce-2bc1e769e901/source[39m
[35m[HTTP][39m [90m{}[39m
[35m[W3C (0e845354)][39m Driver proxy active, passing request on via HTTP proxy
[35m[WD Proxy][39m Replacing sessionId 539c709c-2d65-4718-ac59-77fd8559565b with 0e845354-865c-4c51-b0ce-2bc1e769e901
[35m[HTTP][39m [37m<-- GET /wd/hub/session/0e845354-865c-4c51-b0ce-2bc1e769e901/source [39m[32m200[39m [90m560 ms - 11329[39m
[35m[HTTP][39m [90m[39m
[35m[HTTP][39m [37m-->[39m [37mGET[39m [37m/wd/hub/session/0e845354-865c-4c51-b0ce-2bc1e769e901/screenshot[39m
[35m[HTTP][39m [90m{}[39m
[35m[HTTP][39m [37m<-- GET /wd/hub/session/0e845354-865c-4c51-b0ce-2bc1e769e901/screenshot [39m[32m200[39m [90m395 ms - 193350[39m
[35m[HTTP][39m [90m[39m
[35m[HTTP][39m [37m-->[39m [37mDELETE[39m [37m/wd/hub/session/0e845354-865c-4c51-b0ce-2bc1e769e901[39m
[35m[HTTP][39m [90m{}[39m
[35m[Appium][39m Removing session 0e845354-865c-4c51-b0ce-2bc1e769e901 from our master session list
[35m[UiAutomator2][39m Restoring hidden api policy to the device default configuration
[35m[HTTP][39m [37m<-- DELETE /wd/hub/session/0e845354-865c-4c51-b0ce-2bc1e769e901 [39m[32m200[39m [90m710 ms - 14[39m
[35m[HTTP][39m [90m[39m
